#
# A fatal error has been detected by the Java Runtime Environment:
#
#  SIGSEGV (0xb) at pc=0x000000010ca34ec1, pid=18956, tid=11011
#
# JRE version: Java(TM) SE Runtime Environment (7.0_40-b43) (build 1.7.0_40-b43)
# Java VM: Java HotSpot(TM) 64-Bit Server VM (24.0-b56 mixed mode bsd-amd64 compressed oops)
# Problematic frame:
# V  [libjvm.dylib+0x234ec1]  oopDesc::size()+0x2d
#
# Failed to write core dump. Core dumps have been disabled. To enable core dumping, try "ulimit -c unlimited" before starting Java again
#
# If you would like to submit a bug report, please visit:
#   http://bugreport.sun.com/bugreport/crash.jsp
#

---------------  T H R E A D  ---------------

Current thread (0x00007fcfcb80f800):  GCTaskThread [stack: 0x0000000110f50000,0x0000000111050000] [id=11011]

siginfo:si_signo=SIGSEGV: si_errno=0, si_code=1 (SEGV_MAPERR), si_addr=0x0000000000000018

Registers:
RAX=0x000000010cf705c0, RBX=0x0000000000000000, RCX=0x0000000000000003, RDX=0x0000000000000001
RSP=0x000000011104fc80, RBP=0x000000011104fc80, RSI=0x00000007d8ab37b0, RDI=0x0000000000000000
R8 =0x0000000000000014, R9 =0x0000000000000000, R10=0x0000000003c77a01, R11=0xffffffff977c2828
R12=0x000000010d00ad98, R13=0x0000000790370b8d, R14=0x00007fcfc9512740, R15=0x00007fcfc95127e0
RIP=0x000000010ca34ec1, EFLAGS=0x0000000000010246, ERR=0x0000000000000004
  TRAPNO=0x000000000000000e

Top of Stack: (sp=0x000000011104fc80)
0x000000011104fc80:   000000011104fcf0 000000010cc559e5
0x000000011104fc90:   000000077b2daff0 00000007d8ab37b0
0x000000011104fca0:   00000007902f48b0 000000077b2daff0
0x000000011104fcb0:   000000079036ed70 0000000000000400
0x000000011104fcc0:   00000007902f48b0 0000000790370b8d
0x000000011104fcd0:   000000010d00ad98 0000000790370b8d
0x000000011104fce0:   0000000790370b8c 00007fcfc95127e0
0x000000011104fcf0:   000000011104fd10 000000010cc55e11
0x000000011104fd00:   00007fcfc9512740 00007fcfc95127a8
0x000000011104fd10:   000000011104fd70 000000010cc54da6
0x000000011104fd20:   000000011104fd88 010000079026113d
0x000000011104fd30:   0000000790370b8d 000000011104fd88
0x000000011104fd40:   000000079026113c 0000000000000005
0x000000011104fd50:   000000011104fd94 000000011104fd88
0x000000011104fd60:   00007fcfce1d8d10 00007fcfc9512740
0x000000011104fd70:   000000011104fdc0 000000010cc584b7
0x000000011104fd80:   0000000000000005 000000079026113d
0x000000011104fd90:   5aee144f1104fdc0 00007fcfcb80f800
0x000000011104fda0:   0000000000000000 000000010cd751a9
0x000000011104fdb0:   00007fcfce1d8d10 0000000000000001
0x000000011104fdc0:   000000011104fea0 000000010ca69757
0x000000011104fdd0:   000000011104fe00 00007fcfcb00e0e0
0x000000011104fde0:   00007fcfcb00e110 00007fcfcb00e120
0x000000011104fdf0:   00007fcfcb00e4f8 00000000000003d8
0x000000011104fe00:   00007fcfcb80f800 00007fcfcb00e500
0x000000011104fe10:   00007fcfcb00e530 00007fcfcb00e540
0x000000011104fe20:   00007fcfcb00e918 00000000000003d8
0x000000011104fe30:   000000011104fe40 0000000000000000
0x000000011104fe40:   00007fcfcb80f800 00007fcfcb00e500
0x000000011104fe50:   00007fcfcb00e530 00007fcfcb00e540
0x000000011104fe60:   00007fcfcb00e918 00000000000003d8
0x000000011104fe70:   00007fcfcb00e920 00007fcfcb80f800 

Instructions: (pc=0x000000010ca34ec1)
0x000000010ca34ea1:   84 d2 48 89 fe 74 15 48 8d 05 11 b7 53 00 8a 48
0x000000010ca34eb1:   08 8b 7e 08 48 d3 e7 48 03 38 eb 04 48 8b 7e 08
0x000000010ca34ec1:   8b 47 18 48 83 c7 10 85 c0 7e 09 a8 01 75 4e c1
0x000000010ca34ed1:   f8 03 eb 47 85 c0 7f 43 85 c0 79 41 84 d2 0f 94 

Register to memory mapping:

RAX=0x000000010cf705c0: _ZN8Universe11_narrow_oopE+0 in /Library/Java/JavaVirtualMachines/jdk1.7.0_40.jdk/Contents/Home/jre/lib/server/libjvm.dylib at 0x000000010c800000
RBX=0x0000000000000000 is an unknown value
RCX=0x0000000000000003 is an unknown value
RDX=0x0000000000000001 is an unknown value
RSP=0x000000011104fc80 is an unknown value
RBP=0x000000011104fc80 is an unknown value
RSI=0x00000007d8ab37b0 is an unknown value
RDI=0x0000000000000000 is an unknown value
R8 =0x0000000000000014 is an unknown value
R9 =0x0000000000000000 is an unknown value
R10=0x0000000003c77a01 is an unknown value
R11=0xffffffff977c2828 is an unknown value
R12=0x000000010d00ad98: _ZN2os16_processor_countE+0 in /Library/Java/JavaVirtualMachines/jdk1.7.0_40.jdk/Contents/Home/jre/lib/server/libjvm.dylib at 0x000000010c800000
R13=0x0000000790370b8d is pointing into object: 0x0000000790370b78
clojure.lang.PersistentArrayMap 
 - klass: 'clojure/lang/PersistentArrayMap'
R14=0x00007fcfc9512740 is an unknown value
R15=0x00007fcfc95127e0 is an unknown value


Stack: [0x0000000110f50000,0x0000000111050000],  sp=0x000000011104fc80,  free space=1023k
Native frames: (J=compiled Java code, j=interpreted, Vv=VM code, C=native code)
V  [libjvm.dylib+0x234ec1]  oopDesc::size()+0x2d
V  [libjvm.dylib+0x4559e5]  oopDesc* PSPromotionManager::copy_to_survivor_space<false>(oopDesc*)+0x35
V  [libjvm.dylib+0x455e11]  PSPromotionManager::process_popped_location_depth(StarTask)+0x73
V  [libjvm.dylib+0x454da6]  PSPromotionManager::drain_stacks_depth(bool)+0x8a
V  [libjvm.dylib+0x4584b7]  StealTask::do_it(GCTaskManager*, unsigned int)+0x9f
V  [libjvm.dylib+0x269757]  GCTaskThread::run()+0x1a1
V  [libjvm.dylib+0x41a8e1]  java_start(Thread*)+0xd5
C  [libsystem_pthread.dylib+0x364f]  _pthread_body+0x83
C  [libsystem_pthread.dylib+0x35cc]  _pthread_body+0x0
C  [libsystem_pthread.dylib+0x1819]  thread_start+0xd


---------------  P R O C E S S  ---------------

Java Threads: ( => current thread )
  0x00007fcfce985800 JavaThread "jscompiler" [_thread_blocked, id=24071, stack(0x0000000119e27000,0x000000011a027000)]
  0x00007fcfcc323800 JavaThread "clojure-agent-send-off-pool-0" [_thread_blocked, id=20739, stack(0x000000011abf5000,0x000000011acf5000)]
  0x00007fcfcc807000 JavaThread "Service Thread" daemon [_thread_blocked, id=19715, stack(0x00000001196b1000,0x00000001197b1000)]
  0x00007fcfcc806800 JavaThread "C2 CompilerThread1" daemon [_thread_blocked, id=19203, stack(0x00000001195ae000,0x00000001196ae000)]
  0x00007fcfcc805000 JavaThread "C2 CompilerThread0" daemon [_thread_blocked, id=18691, stack(0x00000001194ab000,0x00000001195ab000)]
  0x00007fcfcc801000 JavaThread "Signal Dispatcher" daemon [_thread_blocked, id=14607, stack(0x00000001193a8000,0x00000001194a8000)]
  0x00007fcfca005000 JavaThread "Finalizer" daemon [_thread_blocked, id=13571, stack(0x0000000117a78000,0x0000000117b78000)]
  0x00007fcfcc008000 JavaThread "Reference Handler" daemon [_thread_blocked, id=13059, stack(0x0000000117975000,0x0000000117a75000)]
  0x00007fcfca000800 JavaThread "main" [_thread_blocked, id=3079, stack(0x000000010b6c7000,0x000000010b7c7000)]

Other Threads:
  0x00007fcfc9819800 VMThread [stack: 0x0000000117872000,0x0000000117972000] [id=12547]
  0x00007fcfcc802000 WatcherThread [stack: 0x00000001197b4000,0x00000001198b4000] [id=20227]

=>0x00007fcfcb80f800 (exited) GCTaskThread [stack: 0x0000000110f50000,0x0000000111050000] [id=11011]

VM state:at safepoint (normal execution)

VM Mutex/Monitor currently owned by a thread:  ([mutex/lock_event])
[0x00007fcfcb0018c0] Threads_lock - owner thread: 0x00007fcfc9819800
[0x00007fcfcb001dc0] Heap_lock - owner thread: 0x00007fcfca000800

Heap
 PSYoungGen      total 629248K, used 580352K [0x00000007d5500000, 0x0000000800000000, 0x0000000800000000)
  eden space 559104K, 100% used [0x00000007d5500000,0x00000007f7700000,0x00000007f7700000)
  from space 70144K, 30% used [0x00000007f7700000,0x00000007f8bc0000,0x00000007fbb80000)
  to   space 67072K, 33% used [0x00000007fbe80000,0x00000007fd448000,0x0000000800000000)
 ParOldGen       total 535552K, used 266155K [0x0000000780000000, 0x00000007a0b00000, 0x00000007d5500000)
  object space 535552K, 49% used [0x0000000780000000,0x00000007903ead70,0x00000007a0b00000)
 PSPermGen       total 33280K, used 29194K [0x000000077ae00000, 0x000000077ce80000, 0x0000000780000000)
  object space 33280K, 87% used [0x000000077ae00000,0x000000077ca82850,0x000000077ce80000)

Card table byte_map: [0x0000000110342000,0x000000011076c000] byte_map_base: 0x000000010c76b000

Polling page: 0x000000010b7d6000

Code Cache  [0x000000010d282000, 0x000000010dc12000, 0x0000000110282000)
 total_blobs=2745 nmethods=2462 adapters=236 free_code_cache=39508Kb largest_free_block=40342592

Compilation events (10 events):
Event: 3058.946 Thread 0x00007fcfcc805000 2740   !         clojure.lang.Reflector::invokeMatchingMethod (262 bytes)
Event: 3058.973 Thread 0x00007fcfcc805000 nmethod 2740 0x000000010dc051d0 code [0x000000010dc055a0, 0x000000010dc06950]
Event: 3492.323 Thread 0x00007fcfcc806800 2741             com.google.javascript.jscomp.CodeGenerator::addCaseBody (20 bytes)
Event: 3492.330 Thread 0x00007fcfcc806800 nmethod 2741 0x000000010db48cd0 code [0x000000010db48e60, 0x000000010db49318]
Event: 3497.198 Thread 0x00007fcfcc805000 2742             java.lang.Class::cast (27 bytes)
Event: 3497.199 Thread 0x00007fcfcc805000 nmethod 2742 0x000000010d6f4f10 code [0x000000010d6f5060, 0x000000010d6f5158]
Event: 3926.141 Thread 0x00007fcfcc806800 2744             java.io.Writer::write (11 bytes)
Event: 3926.143 Thread 0x00007fcfcc806800 nmethod 2744 0x000000010d6f4a90 code [0x000000010d6f4c00, 0x000000010d6f4d18]
Event: 3930.619 Thread 0x00007fcfcc805000 2745             clojure.lang.Numbers$LongOps::negate (13 bytes)
Event: 3930.621 Thread 0x00007fcfcc805000 nmethod 2745 0x000000010db618d0 code [0x000000010db61a40, 0x000000010db61bc8]

GC Heap History (10 events):
Event: 3961.884 GC heap after
Heap after GC invocations=272 (full 19):
 PSYoungGen      total 625664K, used 27328K [0x00000007d5500000, 0x00000007ffe80000, 0x0000000800000000)
  eden space 560128K, 0% used [0x00000007d5500000,0x00000007d5500000,0x00000007f7800000)
  from space 65536K, 41% used [0x00000007f7800000,0x00000007f92b0000,0x00000007fb800000)
  to   space 61952K, 0% used [0x00000007fc200000,0x00000007fc200000,0x00000007ffe80000)
 ParOldGen       total 535552K, used 157030K [0x0000000780000000, 0x00000007a0b00000, 0x00000007d5500000)
  object space 535552K, 29% used [0x0000000780000000,0x00000007899598c8,0x00000007a0b00000)
 PSPermGen       total 33280K, used 29192K [0x000000077ae00000, 0x000000077ce80000, 0x0000000780000000)
  object space 33280K, 87% used [0x000000077ae00000,0x000000077ca820f0,0x000000077ce80000)
}
Event: 3962.343 GC heap before
{Heap before GC invocations=273 (full 19):
 PSYoungGen      total 625664K, used 587456K [0x00000007d5500000, 0x00000007ffe80000, 0x0000000800000000)
  eden space 560128K, 100% used [0x00000007d5500000,0x00000007f7800000,0x00000007f7800000)
  from space 65536K, 41% used [0x00000007f7800000,0x00000007f92b0000,0x00000007fb800000)
  to   space 61952K, 0% used [0x00000007fc200000,0x00000007fc200000,0x00000007ffe80000)
 ParOldGen       total 535552K, used 157030K [0x0000000780000000, 0x00000007a0b00000, 0x00000007d5500000)
  object space 535552K, 29% used [0x0000000780000000,0x00000007899598c8,0x00000007a0b00000)
 PSPermGen       total 33280K, used 29192K [0x000000077ae00000, 0x000000077ce80000, 0x0000000780000000)
  object space 33280K, 87% used [0x000000077ae00000,0x000000077ca820f0,0x000000077ce80000)
Event: 3962.408 GC heap after
Heap after GC invocations=273 (full 19):
 PSYoungGen      total 630784K, used 10240K [0x00000007d5500000, 0x00000007ffb80000, 0x0000000800000000)
  eden space 571904K, 0% used [0x00000007d5500000,0x00000007d5500000,0x00000007f8380000)
  from space 58880K, 17% used [0x00000007fc200000,0x00000007fcc00000,0x00000007ffb80000)
  to   space 61440K, 0% used [0x00000007f8380000,0x00000007f8380000,0x00000007fbf80000)
 ParOldGen       total 535552K, used 184326K [0x0000000780000000, 0x00000007a0b00000, 0x00000007d5500000)
  object space 535552K, 34% used [0x0000000780000000,0x000000078b4018c8,0x00000007a0b00000)
 PSPermGen       total 33280K, used 29192K [0x000000077ae00000, 0x000000077ce80000, 0x0000000780000000)
  object space 33280K, 87% used [0x000000077ae00000,0x000000077ca820f0,0x000000077ce80000)
}
Event: 4008.253 GC heap before
{Heap before GC invocations=274 (full 19):
 PSYoungGen      total 630784K, used 582144K [0x00000007d5500000, 0x00000007ffb80000, 0x0000000800000000)
  eden space 571904K, 100% used [0x00000007d5500000,0x00000007f8380000,0x00000007f8380000)
  from space 58880K, 17% used [0x00000007fc200000,0x00000007fcc00000,0x00000007ffb80000)
  to   space 61440K, 0% used [0x00000007f8380000,0x00000007f8380000,0x00000007fbf80000)
 ParOldGen       total 535552K, used 184326K [0x0000000780000000, 0x00000007a0b00000, 0x00000007d5500000)
  object space 535552K, 34% used [0x0000000780000000,0x000000078b4018c8,0x00000007a0b00000)
 PSPermGen       total 33280K, used 29192K [0x000000077ae00000, 0x000000077ce80000, 0x0000000780000000)
  object space 33280K, 87% used [0x000000077ae00000,0x000000077ca820f0,0x000000077ce80000)
Event: 4008.258 GC heap after
Heap after GC invocations=274 (full 19):
 PSYoungGen      total 633344K, used 3777K [0x00000007d5500000, 0x0000000800000000, 0x0000000800000000)
  eden space 571904K, 0% used [0x00000007d5500000,0x00000007d5500000,0x00000007f8380000)
  from space 61440K, 6% used [0x00000007f8380000,0x00000007f8730598,0x00000007fbf80000)
  to   space 61440K, 0% used [0x00000007fc400000,0x00000007fc400000,0x0000000800000000)
 ParOldGen       total 535552K, used 184326K [0x0000000780000000, 0x00000007a0b00000, 0x00000007d5500000)
  object space 535552K, 34% used [0x0000000780000000,0x000000078b4018c8,0x00000007a0b00000)
 PSPermGen       total 33280K, used 29192K [0x000000077ae00000, 0x000000077ce80000, 0x0000000780000000)
  object space 33280K, 87% used [0x000000077ae00000,0x000000077ca820f0,0x000000077ce80000)
}
Event: 4023.698 GC heap before
{Heap before GC invocations=275 (full 19):
 PSYoungGen      total 633344K, used 575681K [0x00000007d5500000, 0x0000000800000000, 0x0000000800000000)
  eden space 571904K, 100% used [0x00000007d5500000,0x00000007f8380000,0x00000007f8380000)
  from space 61440K, 6% used [0x00000007f8380000,0x00000007f8730598,0x00000007fbf80000)
  to   space 61440K, 0% used [0x00000007fc400000,0x00000007fc400000,0x0000000800000000)
 ParOldGen       total 535552K, used 184326K [0x0000000780000000, 0x00000007a0b00000, 0x00000007d5500000)
  object space 535552K, 34% used [0x0000000780000000,0x000000078b4018c8,0x00000007a0b00000)
 PSPermGen       total 33280K, used 29194K [0x000000077ae00000, 0x000000077ce80000, 0x0000000780000000)
  object space 33280K, 87% used [0x000000077ae00000,0x000000077ca82850,0x000000077ce80000)
Event: 4023.732 GC heap after
Heap after GC invocations=275 (full 19):
 PSYoungGen      total 620544K, used 57179K [0x00000007d5500000, 0x0000000800000000, 0x0000000800000000)
  eden space 559104K, 0% used [0x00000007d5500000,0x00000007d5500000,0x00000007f7700000)
  from space 61440K, 93% used [0x00000007fc400000,0x00000007ffbd6ea0,0x0000000800000000)
  to   space 70144K, 0% used [0x00000007f7700000,0x00000007f7700000,0x00000007fbb80000)
 ParOldGen       total 535552K, used 187903K [0x0000000780000000, 0x00000007a0b00000, 0x00000007d5500000)
  object space 535552K, 35% used [0x0000000780000000,0x000000078b77fe60,0x00000007a0b00000)
 PSPermGen       total 33280K, used 29194K [0x000000077ae00000, 0x000000077ce80000, 0x0000000780000000)
  object space 33280K, 87% used [0x000000077ae00000,0x000000077ca82850,0x000000077ce80000)
}
Event: 4024.905 GC heap before
{Heap before GC invocations=276 (full 19):
 PSYoungGen      total 620544K, used 616283K [0x00000007d5500000, 0x0000000800000000, 0x0000000800000000)
  eden space 559104K, 100% used [0x00000007d5500000,0x00000007f7700000,0x00000007f7700000)
  from space 61440K, 93% used [0x00000007fc400000,0x00000007ffbd6ea0,0x0000000800000000)
  to   space 70144K, 0% used [0x00000007f7700000,0x00000007f7700000,0x00000007fbb80000)
 ParOldGen       total 535552K, used 187903K [0x0000000780000000, 0x00000007a0b00000, 0x00000007d5500000)
  object space 535552K, 35% used [0x0000000780000000,0x000000078b77fe60,0x00000007a0b00000)
 PSPermGen       total 33280K, used 29194K [0x000000077ae00000, 0x000000077ce80000, 0x0000000780000000)
  object space 33280K, 87% used [0x000000077ae00000,0x000000077ca82850,0x000000077ce80000)
Event: 4025.029 GC heap after
Heap after GC invocations=276 (full 19):
 PSYoungGen      total 629248K, used 21248K [0x00000007d5500000, 0x0000000800000000, 0x0000000800000000)
  eden space 559104K, 0% used [0x00000007d5500000,0x00000007d5500000,0x00000007f7700000)
  from space 70144K, 30% used [0x00000007f7700000,0x00000007f8bc0000,0x00000007fbb80000)
  to   space 67072K, 0% used [0x00000007fbe80000,0x00000007fbe80000,0x0000000800000000)
 ParOldGen       total 535552K, used 244995K [0x0000000780000000, 0x00000007a0b00000, 0x00000007d5500000)
  object space 535552K, 45% used [0x0000000780000000,0x000000078ef40d70,0x00000007a0b00000)
 PSPermGen       total 33280K, used 29194K [0x000000077ae00000, 0x000000077ce80000, 0x0000000780000000)
  object space 33280K, 87% used [0x000000077ae00000,0x000000077ca82850,0x000000077ce80000)
}
Event: 4026.267 GC heap before
{Heap before GC invocations=277 (full 19):
 PSYoungGen      total 629248K, used 580352K [0x00000007d5500000, 0x0000000800000000, 0x0000000800000000)
  eden space 559104K, 100% used [0x00000007d5500000,0x00000007f7700000,0x00000007f7700000)
  from space 70144K, 30% used [0x00000007f7700000,0x00000007f8bc0000,0x00000007fbb80000)
  to   space 67072K, 0% used [0x00000007fbe80000,0x00000007fbe80000,0x0000000800000000)
 ParOldGen       total 535552K, used 244995K [0x0000000780000000, 0x00000007a0b00000, 0x00000007d5500000)
  object space 535552K, 45% used [0x0000000780000000,0x000000078ef40d70,0x00000007a0b00000)
 PSPermGen       total 33280K, used 29194K [0x000000077ae00000, 0x000000077ce80000, 0x0000000780000000)
  object space 33280K, 87% used [0x000000077ae00000,0x000000077ca82850,0x000000077ce80000)

Deoptimization events (10 events):
Event: 3033.275 Thread 0x00007fcfca000800 Uncommon trap: reason=bimorphic action=maybe_recompile pc=0x000000010db63288 method=sun.reflect.DelegatingMethodAccessorImpl.invoke(Ljava/lang/Object;[Ljava/lang/Object;)Ljava/lang/Object; @ 6
Event: 3033.275 Thread 0x00007fcfca000800 Uncommon trap: reason=bimorphic action=maybe_recompile pc=0x000000010db63288 method=sun.reflect.DelegatingMethodAccessorImpl.invoke(Ljava/lang/Object;[Ljava/lang/Object;)Ljava/lang/Object; @ 6
Event: 3831.168 Thread 0x00007fcfca000800 Uncommon trap: reason=unloaded action=reinterpret pc=0x000000010d5cbf78 method=cljs.analyzer$macroexpand_1.invoke(Ljava/lang/Object;Ljava/lang/Object;)Ljava/lang/Object; @ 1042
Event: 3831.168 Thread 0x00007fcfca000800 Uncommon trap: reason=unloaded action=reinterpret pc=0x000000010d5cbf78 method=cljs.analyzer$macroexpand_1.invoke(Ljava/lang/Object;Ljava/lang/Object;)Ljava/lang/Object; @ 1042
Event: 3831.182 Thread 0x00007fcfca000800 Uncommon trap: reason=class_check action=maybe_recompile pc=0x000000010da77d34 method=clojure.lang.Numbers.minus(Ljava/lang/Object;Ljava/lang/Object;)Ljava/lang/Number; @ 16
Event: 3831.182 Thread 0x00007fcfca000800 Uncommon trap: reason=class_check action=maybe_recompile pc=0x000000010da79d04 method=clojure.lang.Numbers$LongOps.negate(Ljava/lang/Number;)Ljava/lang/Number; @ 1
Event: 3831.183 Thread 0x00007fcfca000800 Uncommon trap: reason=class_check action=maybe_recompile pc=0x000000010da77d34 method=clojure.lang.Numbers.minus(Ljava/lang/Object;Ljava/lang/Object;)Ljava/lang/Number; @ 16
Event: 3831.183 Thread 0x00007fcfca000800 Uncommon trap: reason=class_check action=maybe_recompile pc=0x000000010da79d04 method=clojure.lang.Numbers$LongOps.negate(Ljava/lang/Number;)Ljava/lang/Number; @ 1
Event: 3831.184 Thread 0x00007fcfca000800 Uncommon trap: reason=class_check action=maybe_recompile pc=0x000000010da77d34 method=clojure.lang.Numbers.minus(Ljava/lang/Object;Ljava/lang/Object;)Ljava/lang/Number; @ 16
Event: 3831.184 Thread 0x00007fcfca000800 Uncommon trap: reason=class_check action=maybe_recompile pc=0x000000010da79d04 method=clojure.lang.Numbers$LongOps.negate(Ljava/lang/Number;)Ljava/lang/Number; @ 1

Internal exceptions (10 events):
Event: 1150.511 Thread 0x00007fcfca000800 Threw 0x00000007ea3d44c0 at /HUDSON/workspace/jdk7u40-2-build-macosx-amd64-product/jdk7u40/hotspot/src/share/vm/prims/jvm.cpp:1244
Event: 1150.511 Thread 0x00007fcfca000800 Threw 0x00000007ea3dd080 at /HUDSON/workspace/jdk7u40-2-build-macosx-amd64-product/jdk7u40/hotspot/src/share/vm/prims/jvm.cpp:1244
Event: 1150.511 Thread 0x00007fcfca000800 Threw 0x00000007ea3e5900 at /HUDSON/workspace/jdk7u40-2-build-macosx-amd64-product/jdk7u40/hotspot/src/share/vm/prims/jvm.cpp:1244
Event: 1150.518 Thread 0x00007fcfca000800 Threw 0x00000007ea4669e0 at /HUDSON/workspace/jdk7u40-2-build-macosx-amd64-product/jdk7u40/hotspot/src/share/vm/prims/jvm.cpp:1244
Event: 1150.518 Thread 0x00007fcfca000800 Threw 0x00000007ea46e298 at /HUDSON/workspace/jdk7u40-2-build-macosx-amd64-product/jdk7u40/hotspot/src/share/vm/prims/jvm.cpp:1244
Event: 1150.522 Thread 0x00007fcfca000800 Threw 0x00000007ea488008 at /HUDSON/workspace/jdk7u40-2-build-macosx-amd64-product/jdk7u40/hotspot/src/share/vm/prims/jvm.cpp:1244
Event: 1150.522 Thread 0x00007fcfca000800 Threw 0x00000007ea48f8c0 at /HUDSON/workspace/jdk7u40-2-build-macosx-amd64-product/jdk7u40/hotspot/src/share/vm/prims/jvm.cpp:1244
Event: 1150.522 Thread 0x00007fcfca000800 Threw 0x00000007ea490ee0 at /HUDSON/workspace/jdk7u40-2-build-macosx-amd64-product/jdk7u40/hotspot/src/share/vm/prims/jvm.cpp:1244
Event: 1150.522 Thread 0x00007fcfca000800 Threw 0x00000007ea498a38 at /HUDSON/workspace/jdk7u40-2-build-macosx-amd64-product/jdk7u40/hotspot/src/share/vm/prims/jvm.cpp:1244
Event: 1300.126 Thread 0x00007fcfceae8800 Implicit null exception at 0x000000010dbfaa9e to 0x000000010dbfce15

Events (10 events):
Event: 4008.258 Executing VM operation: ParallelGCFailedAllocation done
Event: 4017.550 Executing VM operation: RevokeBias
Event: 4017.550 Executing VM operation: RevokeBias done
Event: 4017.550 Thread 0x00007fcfce07e000 Thread exited: 0x00007fcfce07e000
Event: 4022.860 Thread 0x00007fcfce985800 Thread added: 0x00007fcfce985800
Event: 4023.697 Executing VM operation: ParallelGCFailedAllocation
Event: 4023.732 Executing VM operation: ParallelGCFailedAllocation done
Event: 4024.904 Executing VM operation: ParallelGCFailedAllocation
Event: 4025.029 Executing VM operation: ParallelGCFailedAllocation done
Event: 4026.267 Executing VM operation: ParallelGCFailedAllocation


Dynamic libraries:
0x0000000007e7b000 	/System/Library/Frameworks/Cocoa.framework/Versions/A/Cocoa
0x0000000007e7b000 	/System/Library/Frameworks/Security.framework/Versions/A/Security
0x0000000007e7b000 	/System/Library/Frameworks/ApplicationServices.framework/Versions/A/ApplicationServices
0x0000000007e7b000 	/usr/lib/libz.1.dylib
0x0000000007e7b000 	/usr/lib/libSystem.B.dylib
0x0000000007e7b000 	/usr/lib/libobjc.A.dylib
0x0000000007e7b000 	/System/Library/Frameworks/CoreFoundation.framework/Versions/A/CoreFoundation
0x0000000007e7b000 	/System/Library/Frameworks/Foundation.framework/Versions/C/Foundation
0x0000000007e7b000 	/System/Library/Frameworks/AppKit.framework/Versions/C/AppKit
0x0000000007e7b000 	/System/Library/Frameworks/CoreData.framework/Versions/A/CoreData
0x0000000007e7b000 	/System/Library/PrivateFrameworks/RemoteViewServices.framework/Versions/A/RemoteViewServices
0x0000000007e7b000 	/System/Library/PrivateFrameworks/UIFoundation.framework/Versions/A/UIFoundation
0x0000000007e7b000 	/System/Library/Frameworks/AudioToolbox.framework/Versions/A/AudioToolbox
0x0000000007e7b000 	/System/Library/Frameworks/AudioUnit.framework/Versions/A/AudioUnit
0x0000000007e7b000 	/System/Library/PrivateFrameworks/DataDetectorsCore.framework/Versions/A/DataDetectorsCore
0x0000000007e7b000 	/System/Library/PrivateFrameworks/DesktopServicesPriv.framework/Versions/A/DesktopServicesPriv
0x0000000007e7b000 	/System/Library/Frameworks/Carbon.framework/Versions/A/Frameworks/HIToolbox.framework/Versions/A/HIToolbox
0x0000000007e7b000 	/System/Library/Frameworks/QuartzCore.framework/Versions/A/QuartzCore
0x0000000007e7b000 	/System/Library/Frameworks/Carbon.framework/Versions/A/Frameworks/SpeechRecognition.framework/Versions/A/SpeechRecognition
0x0000000007e7b000 	/usr/lib/libauto.dylib
0x0000000007e7b000 	/usr/lib/libicucore.A.dylib
0x0000000007e7b000 	/usr/lib/libxml2.2.dylib
0x0000000007e7b000 	/System/Library/PrivateFrameworks/CoreUI.framework/Versions/A/CoreUI
0x0000000007e7b000 	/System/Library/Frameworks/CoreAudio.framework/Versions/A/CoreAudio
0x0000000007e7b000 	/System/Library/Frameworks/DiskArbitration.framework/Versions/A/DiskArbitration
0x0000000007e7b000 	/usr/lib/liblangid.dylib
0x0000000007e7b000 	/System/Library/PrivateFrameworks/MultitouchSupport.framework/Versions/A/MultitouchSupport
0x0000000007e7b000 	/System/Library/Frameworks/IOKit.framework/Versions/A/IOKit
0x0000000007e7b000 	/usr/lib/libDiagnosticMessagesClient.dylib
0x0000000007e7b000 	/System/Library/Frameworks/CoreServices.framework/Versions/A/CoreServices
0x0000000007e7b000 	/System/Library/PrivateFrameworks/PerformanceAnalysis.framework/Versions/A/PerformanceAnalysis
0x0000000007e7b000 	/System/Library/PrivateFrameworks/GenerationalStorage.framework/Versions/A/GenerationalStorage
0x0000000007e7b000 	/System/Library/Frameworks/OpenGL.framework/Versions/A/OpenGL
0x0000000007e7b000 	/System/Library/PrivateFrameworks/Sharing.framework/Versions/A/Sharing
0x0000000007e7b000 	/System/Library/Frameworks/CoreGraphics.framework/Versions/A/CoreGraphics
0x0000000007e7b000 	/System/Library/Frameworks/CoreText.framework/Versions/A/CoreText
0x0000000007e7b000 	/System/Library/Frameworks/ImageIO.framework/Versions/A/ImageIO
0x0000000007e7b000 	/usr/lib/libextension.dylib
0x0000000007e7b000 	/System/Library/PrivateFrameworks/Backup.framework/Versions/A/Backup
0x0000000007e7b000 	/usr/lib/libarchive.2.dylib
0x0000000007e7b000 	/System/Library/Frameworks/CFNetwork.framework/Versions/A/CFNetwork
0x0000000007e7b000 	/System/Library/Frameworks/SystemConfiguration.framework/Versions/A/SystemConfiguration
0x0000000007e7b000 	/usr/lib/libCRFSuite.dylib
0x0000000007e7b000 	/usr/lib/libc++.1.dylib
0x0000000007e7b000 	/usr/lib/libc++abi.dylib
0x0000000007e7b000 	/usr/lib/system/libcache.dylib
0x0000000007e7b000 	/usr/lib/system/libcommonCrypto.dylib
0x0000000007e7b000 	/usr/lib/system/libcompiler_rt.dylib
0x0000000007e7b000 	/usr/lib/system/libcopyfile.dylib
0x0000000007e7b000 	/usr/lib/system/libcorecrypto.dylib
0x0000000007e7b000 	/usr/lib/system/libdispatch.dylib
0x0000000007e7b000 	/usr/lib/system/libdyld.dylib
0x0000000007e7b000 	/usr/lib/system/libkeymgr.dylib
0x0000000007e7b000 	/usr/lib/system/liblaunch.dylib
0x0000000007e7b000 	/usr/lib/system/libmacho.dylib
0x0000000007e7b000 	/usr/lib/system/libquarantine.dylib
0x0000000007e7b000 	/usr/lib/system/libremovefile.dylib
0x0000000007e7b000 	/usr/lib/system/libsystem_asl.dylib
0x0000000007e7b000 	/usr/lib/system/libsystem_blocks.dylib
0x0000000007e7b000 	/usr/lib/system/libsystem_c.dylib
0x0000000007e7b000 	/usr/lib/system/libsystem_configuration.dylib
0x0000000007e7b000 	/usr/lib/system/libsystem_coreservices.dylib
0x0000000007e7b000 	/usr/lib/system/libsystem_coretls.dylib
0x0000000007e7b000 	/usr/lib/system/libsystem_dnssd.dylib
0x0000000007e7b000 	/usr/lib/system/libsystem_info.dylib
0x0000000007e7b000 	/usr/lib/system/libsystem_kernel.dylib
0x0000000007e7b000 	/usr/lib/system/libsystem_m.dylib
0x0000000007e7b000 	/usr/lib/system/libsystem_malloc.dylib
0x0000000007e7b000 	/usr/lib/system/libsystem_network.dylib
0x0000000007e7b000 	/usr/lib/system/libsystem_networkextension.dylib
0x0000000007e7b000 	/usr/lib/system/libsystem_notify.dylib
0x0000000007e7b000 	/usr/lib/system/libsystem_platform.dylib
0x0000000007e7b000 	/usr/lib/system/libsystem_pthread.dylib
0x0000000007e7b000 	/usr/lib/system/libsystem_sandbox.dylib
0x0000000007e7b000 	/usr/lib/system/libsystem_secinit.dylib
0x0000000007e7b000 	/usr/lib/system/libsystem_stats.dylib
0x0000000007e7b000 	/usr/lib/system/libsystem_trace.dylib
0x0000000007e7b000 	/usr/lib/system/libunc.dylib
0x0000000007e7b000 	/usr/lib/system/libunwind.dylib
0x0000000007e7b000 	/usr/lib/system/libxpc.dylib
0x0000000007e7b000 	/usr/lib/libbz2.1.0.dylib
0x0000000007e7b000 	/usr/lib/liblzma.5.dylib
0x0000000007e7b000 	/usr/lib/libbsm.0.dylib
0x0000000007e7b000 	/usr/lib/libsqlite3.dylib
0x0000000007e7b000 	/usr/lib/system/libkxld.dylib
0x0000000007e7b000 	/usr/lib/libxar.1.dylib
0x0000000007e7b000 	/usr/lib/libpam.2.dylib
0x0000000007e7b000 	/usr/lib/libOpenScriptingUtil.dylib
0x0000000007e7b000 	/System/Library/Frameworks/CoreServices.framework/Versions/A/Frameworks/FSEvents.framework/Versions/A/FSEvents
0x0000000007e7b000 	/System/Library/Frameworks/CoreServices.framework/Versions/A/Frameworks/CarbonCore.framework/Versions/A/CarbonCore
0x0000000007e7b000 	/System/Library/Frameworks/CoreServices.framework/Versions/A/Frameworks/Metadata.framework/Versions/A/Metadata
0x0000000007e7b000 	/System/Library/Frameworks/CoreServices.framework/Versions/A/Frameworks/OSServices.framework/Versions/A/OSServices
0x0000000007e7b000 	/System/Library/Frameworks/CoreServices.framework/Versions/A/Frameworks/SearchKit.framework/Versions/A/SearchKit
0x0000000007e7b000 	/System/Library/Frameworks/CoreServices.framework/Versions/A/Frameworks/AE.framework/Versions/A/AE
0x0000000007e7b000 	/System/Library/Frameworks/CoreServices.framework/Versions/A/Frameworks/LaunchServices.framework/Versions/A/LaunchServices
0x0000000007e7b000 	/System/Library/Frameworks/CoreServices.framework/Versions/A/Frameworks/DictionaryServices.framework/Versions/A/DictionaryServices
0x0000000007e7b000 	/System/Library/Frameworks/NetFS.framework/Versions/A/NetFS
0x0000000007e7b000 	/System/Library/PrivateFrameworks/NetAuth.framework/Versions/A/NetAuth
0x0000000007e7b000 	/System/Library/PrivateFrameworks/login.framework/Versions/A/Frameworks/loginsupport.framework/Versions/A/loginsupport
0x0000000007e7b000 	/System/Library/PrivateFrameworks/TCC.framework/Versions/A/TCC
0x0000000007e7b000 	/System/Library/Frameworks/OpenDirectory.framework/Versions/A/Frameworks/CFOpenDirectory.framework/Versions/A/CFOpenDirectory
0x0000000007e7b000 	/System/Library/Frameworks/ServiceManagement.framework/Versions/A/ServiceManagement
0x0000000007e7b000 	/usr/lib/libxslt.1.dylib
0x0000000007e7b000 	/System/Library/Frameworks/Carbon.framework/Versions/A/Frameworks/Ink.framework/Versions/A/Ink
0x0000000007e7b000 	/System/Library/Frameworks/ApplicationServices.framework/Versions/A/Frameworks/ATS.framework/Versions/A/ATS
0x0000000007e7b000 	/System/Library/Frameworks/ApplicationServices.framework/Versions/A/Frameworks/ColorSync.framework/Versions/A/ColorSync
0x0000000007e7b000 	/System/Library/Frameworks/ApplicationServices.framework/Versions/A/Frameworks/HIServices.framework/Versions/A/HIServices
0x0000000007e7b000 	/System/Library/Frameworks/ApplicationServices.framework/Versions/A/Frameworks/LangAnalysis.framework/Versions/A/LangAnalysis
0x0000000007e7b000 	/System/Library/Frameworks/ApplicationServices.framework/Versions/A/Frameworks/PrintCore.framework/Versions/A/PrintCore
0x0000000007e7b000 	/System/Library/Frameworks/ApplicationServices.framework/Versions/A/Frameworks/QD.framework/Versions/A/QD
0x0000000007e7b000 	/System/Library/Frameworks/ApplicationServices.framework/Versions/A/Frameworks/SpeechSynthesis.framework/Versions/A/SpeechSynthesis
0x0000000007e7b000 	/System/Library/Frameworks/IOSurface.framework/Versions/A/IOSurface
0x0000000007e7b000 	/System/Library/Frameworks/Accelerate.framework/Versions/A/Accelerate
0x0000000007e7b000 	/System/Library/Frameworks/Accelerate.framework/Versions/A/Frameworks/vImage.framework/Versions/A/vImage
0x0000000007e7b000 	/System/Library/Frameworks/Accelerate.framework/Versions/A/Frameworks/vecLib.framework/Versions/A/vecLib
0x0000000007e7b000 	/System/Library/Frameworks/Accelerate.framework/Versions/A/Frameworks/vecLib.framework/Versions/A/libvDSP.dylib
0x0000000007e7b000 	/System/Library/Frameworks/Accelerate.framework/Versions/A/Frameworks/vecLib.framework/Versions/A/libvMisc.dylib
0x0000000007e7b000 	/System/Library/Frameworks/Accelerate.framework/Versions/A/Frameworks/vecLib.framework/Versions/A/libLAPACK.dylib
0x0000000007e7b000 	/System/Library/Frameworks/Accelerate.framework/Versions/A/Frameworks/vecLib.framework/Versions/A/libBLAS.dylib
0x0000000007e7b000 	/System/Library/Frameworks/Accelerate.framework/Versions/A/Frameworks/vecLib.framework/Versions/A/libLinearAlgebra.dylib
0x0000000007e7b000 	/System/Library/Frameworks/ApplicationServices.framework/Versions/A/Frameworks/ATS.framework/Versions/A/Resources/libFontParser.dylib
0x0000000007e7b000 	/System/Library/Frameworks/ApplicationServices.framework/Versions/A/Frameworks/ATS.framework/Versions/A/Resources/libFontRegistry.dylib
0x0000000007e7b000 	/System/Library/PrivateFrameworks/AppleVPA.framework/Versions/A/AppleVPA
0x0000000007e7b000 	/System/Library/PrivateFrameworks/AppleJPEG.framework/Versions/A/AppleJPEG
0x0000000007e7b000 	/System/Library/Frameworks/ImageIO.framework/Versions/A/Resources/libJPEG.dylib
0x0000000007e7b000 	/System/Library/Frameworks/ImageIO.framework/Versions/A/Resources/libTIFF.dylib
0x0000000007e7b000 	/System/Library/Frameworks/ImageIO.framework/Versions/A/Resources/libPng.dylib
0x0000000007e7b000 	/System/Library/Frameworks/ImageIO.framework/Versions/A/Resources/libGIF.dylib
0x0000000007e7b000 	/System/Library/Frameworks/ImageIO.framework/Versions/A/Resources/libJP2.dylib
0x0000000007e7b000 	/System/Library/Frameworks/ImageIO.framework/Versions/A/Resources/libRadiance.dylib
0x0000000007e7b000 	/System/Library/Frameworks/CoreVideo.framework/Versions/A/CoreVideo
0x0000000007e7b000 	/System/Library/Frameworks/OpenGL.framework/Versions/A/Libraries/libGLU.dylib
0x0000000007e7b000 	/System/Library/Frameworks/OpenGL.framework/Versions/A/Libraries/libGFXShared.dylib
0x0000000007e7b000 	/System/Library/Frameworks/OpenGL.framework/Versions/A/Libraries/libGL.dylib
0x0000000007e7b000 	/System/Library/Frameworks/OpenGL.framework/Versions/A/Libraries/libGLImage.dylib
0x0000000007e7b000 	/System/Library/Frameworks/OpenGL.framework/Versions/A/Libraries/libCVMSPluginSupport.dylib
0x0000000007e7b000 	/System/Library/Frameworks/OpenGL.framework/Versions/A/Libraries/libCoreVMClient.dylib
0x0000000007e7b000 	/usr/lib/libcups.2.dylib
0x0000000007e7b000 	/System/Library/Frameworks/Kerberos.framework/Versions/A/Kerberos
0x0000000007e7b000 	/System/Library/Frameworks/GSS.framework/Versions/A/GSS
0x0000000007e7b000 	/usr/lib/libresolv.9.dylib
0x0000000007e7b000 	/usr/lib/libiconv.2.dylib
0x0000000007e7b000 	/System/Library/PrivateFrameworks/Heimdal.framework/Versions/A/Heimdal
0x0000000007e7b000 	/usr/lib/libheimdal-asn1.dylib
0x0000000007e7b000 	/System/Library/Frameworks/OpenDirectory.framework/Versions/A/OpenDirectory
0x0000000007e7b000 	/System/Library/PrivateFrameworks/CommonAuth.framework/Versions/A/CommonAuth
0x0000000007e7b000 	/System/Library/Frameworks/SecurityFoundation.framework/Versions/A/SecurityFoundation
0x0000000007e7b000 	/System/Library/Frameworks/QuartzCore.framework/Versions/A/Frameworks/CoreImage.framework/Versions/A/CoreImage
0x0000000007e7b000 	/System/Library/PrivateFrameworks/CrashReporterSupport.framework/Versions/A/CrashReporterSupport
0x0000000007e7b000 	/System/Library/Frameworks/OpenCL.framework/Versions/A/OpenCL
0x0000000007e7b000 	/System/Library/PrivateFrameworks/FaceCore.framework/Versions/A/FaceCore
0x0000000007e7b000 	/System/Library/PrivateFrameworks/Ubiquity.framework/Versions/A/Ubiquity
0x0000000007e7b000 	/System/Library/PrivateFrameworks/IconServices.framework/Versions/A/IconServices
0x0000000007e7b000 	/System/Library/PrivateFrameworks/ChunkingLibrary.framework/Versions/A/ChunkingLibrary
0x0000000007e7b000 	/System/Library/PrivateFrameworks/Apple80211.framework/Versions/A/Apple80211
0x0000000007e7b000 	/System/Library/Frameworks/CoreWLAN.framework/Versions/A/CoreWLAN
0x0000000007e7b000 	/System/Library/Frameworks/IOBluetooth.framework/Versions/A/IOBluetooth
0x0000000007e7b000 	/System/Library/Frameworks/CoreWiFi.framework/Versions/A/CoreWiFi
0x0000000007e7b000 	/System/Library/Frameworks/CoreBluetooth.framework/Versions/A/CoreBluetooth
0x0000000007e7b000 	/System/Library/PrivateFrameworks/DebugSymbols.framework/Versions/A/DebugSymbols
0x0000000007e7b000 	/System/Library/PrivateFrameworks/CoreSymbolication.framework/Versions/A/CoreSymbolication
0x0000000007e7b000 	/System/Library/PrivateFrameworks/Symbolication.framework/Versions/A/Symbolication
0x0000000007e7b000 	/System/Library/PrivateFrameworks/SpeechRecognitionCore.framework/Versions/A/SpeechRecognitionCore
0x000000010c800000 	/Library/Java/JavaVirtualMachines/jdk1.7.0_40.jdk/Contents/Home/jre/lib/server/libjvm.dylib
0x0000000007e7b000 	/usr/lib/libstdc++.6.dylib
0x000000010b7c9000 	/Library/Java/JavaVirtualMachines/jdk1.7.0_40.jdk/Contents/Home/jre/lib/libverify.dylib
0x000000010d252000 	/Library/Java/JavaVirtualMachines/jdk1.7.0_40.jdk/Contents/Home/jre/lib/libjava.dylib
0x000000010b7e0000 	/Library/Java/JavaVirtualMachines/jdk1.7.0_40.jdk/Contents/Home/jre/lib/libzip.dylib
0x000000010b7ea000 	/System/Library/Frameworks/JavaVM.framework/Frameworks/JavaRuntimeSupport.framework/JavaRuntimeSupport
0x0000000117b7a000 	/System/Library/Frameworks/JavaVM.framework/Versions/A/Frameworks/JavaNativeFoundation.framework/Versions/A/JavaNativeFoundation
0x0000000117b8e000 	/System/Library/Frameworks/JavaVM.framework/Versions/A/JavaVM
0x0000000007e7b000 	/System/Library/Frameworks/Carbon.framework/Versions/A/Carbon
0x0000000117b9a000 	/System/Library/PrivateFrameworks/JavaLaunching.framework/Versions/A/JavaLaunching
0x0000000007e7b000 	/System/Library/Frameworks/Carbon.framework/Versions/A/Frameworks/CommonPanels.framework/Versions/A/CommonPanels
0x0000000007e7b000 	/System/Library/Frameworks/Carbon.framework/Versions/A/Frameworks/Help.framework/Versions/A/Help
0x0000000007e7b000 	/System/Library/Frameworks/Carbon.framework/Versions/A/Frameworks/ImageCapture.framework/Versions/A/ImageCapture
0x0000000007e7b000 	/System/Library/Frameworks/Carbon.framework/Versions/A/Frameworks/OpenScripting.framework/Versions/A/OpenScripting
0x0000000007e7b000 	/System/Library/Frameworks/Carbon.framework/Versions/A/Frameworks/Print.framework/Versions/A/Print
0x0000000007e7b000 	/System/Library/Frameworks/Carbon.framework/Versions/A/Frameworks/SecurityHI.framework/Versions/A/SecurityHI
0x0000000119a8e000 	/Library/Java/JavaVirtualMachines/jdk1.7.0_40.jdk/Contents/Home/jre/lib/libnio.dylib
0x0000000119a9d000 	/Library/Java/JavaVirtualMachines/jdk1.7.0_40.jdk/Contents/Home/jre/lib/./libnet.dylib

VM Arguments:
jvm_args: -Dclojure.compile.path=null -D.version=null -Dfile.encoding=UTF-8 -Dclojure.debug=false 
java_command: clojure.main -i /private/var/folders/17/j_99c5854rz6_rs8vwqv_2v40000gn/T/form-init1943057644584600412.clj
Launcher Type: SUN_STANDARD

Environment Variables:
PATH=/Users/blakejakopovic/.nvm/v0.10.22/bin:/Users/blakejakopovic/.gem/ruby/2.0.0/bin:/Users/blakejakopovic/.rubies/ruby-2.0.0-p247/lib/ruby/gems/2.0.0/bin:/Users/blakejakopovic/.rubies/ruby-2.0.0-p247/bin:/Users/blakejakopovic/.cljr/bin:/Users/blakejakopovic/bin:/usr/local/bin:/usr/local/bin:/usr/bin:/bin:/usr/sbin:/sbin:/opt/X11/bin:/usr/local/CrossPack-AVR/bin:/usr/local/MacGPG2/bin:/usr/local/gcc_arm/gcc-arm-none-eabi-4_7-2013q3/bin
SHELL=/usr/local/bin/fish
DISPLAY=/private/tmp/com.apple.launchd.tlfbg3W9yF/org.macosforge.xquartz:0
HOSTTYPE=x86_64
OSTYPE=darwin14
MACHTYPE=x86_64-apple-darwin14

Signal Handlers:
SIGSEGV: [libjvm.dylib+0x524b25], sa_mask[0]=0xfffefeff, sa_flags=0x00000043
SIGBUS: [libjvm.dylib+0x524b25], sa_mask[0]=0xfffefeff, sa_flags=0x00000042
SIGFPE: [libjvm.dylib+0x4180e6], sa_mask[0]=0xfffefeff, sa_flags=0x00000042
SIGPIPE: [libjvm.dylib+0x4180e6], sa_mask[0]=0xfffefeff, sa_flags=0x00000042
SIGXFSZ: [libjvm.dylib+0x4180e6], sa_mask[0]=0xfffefeff, sa_flags=0x00000042
SIGILL: [libjvm.dylib+0x4180e6], sa_mask[0]=0xfffefeff, sa_flags=0x00000042
SIGUSR1: SIG_DFL, sa_mask[0]=0x63807efb, sa_flags=0x00000000
SIGUSR2: [libjvm.dylib+0x417bd8], sa_mask[0]=0x00000004, sa_flags=0x00000042
SIGHUP: [libjvm.dylib+0x415e67], sa_mask[0]=0xfffefeff, sa_flags=0x00000042
SIGINT: [libjvm.dylib+0x415e67], sa_mask[0]=0xfffefeff, sa_flags=0x00000042
SIGTERM: [libjvm.dylib+0x415e67], sa_mask[0]=0xfffefeff, sa_flags=0x00000042
SIGQUIT: [libjvm.dylib+0x415e67], sa_mask[0]=0xfffefeff, sa_flags=0x00000042


---------------  S Y S T E M  ---------------

OS:Bsduname:Darwin 14.0.0 Darwin Kernel Version 14.0.0: Tue Jul 15 23:56:31 PDT 2014; root:xnu-2782.1.43.0.2~1/RELEASE_X86_64 x86_64
rlimit: STACK 8192k, CORE 0k, NPROC 709, NOFILE 10240, AS infinity
load average:3.11 3.30 3.07

CPU:total 8 (4 cores per cpu, 2 threads per core) family 6 model 42 stepping 7, cmov, cx8, fxsr, mmx, sse, sse2, sse3, ssse3, sse4.1, sse4.2, popcnt, avx, aes, ht, tsc, tscinvbit

Memory: 4k page, physical 8388608k(2097152k free)

/proc/meminfo:


vm_info: Java HotSpot(TM) 64-Bit Server VM (24.0-b56) for bsd-amd64 JRE (1.7.0_40-b43), built on Aug 26 2013 21:29:19 by "java_re" with gcc 4.2.1 (Based on Apple Inc. build 5658) (LLVM build 2336.11.00)

time: Sat Jul 26 16:10:55 2014
elapsed time: 4026 seconds

